03:34:18.261 [main                     ] DEBUG GameApplication      - Logger initialized
03:34:18.281 [main                     ] DEBUG GameApplication      - Logging settings
Title: Geo Jumper
Version: 0.1
Width: 600
Height: 800
Fullscreen: false
Intro: false
Menus: false
Profiling: false
Single step:false
App Mode: DEVELOPER
Menu Key: ESCAPE
Stage Style: DECORATED
Scene Factory: class com.almasb.fxgl.app.SceneFactory
Dialog Factory: class com.almasb.fxgl.ui.FXGLDialogFactory
UI Factory: class com.almasb.fxgl.ui.FXGLUIFactory

03:34:18.598 [JavaFX Application Thread] DEBUG Engine               - Initializing FXGL
03:34:18.599 [JavaFX Application Thread] INFO  Engine               - FXGL-11.5 (17.09.2019 20.41) on LINUX (J:11.0.2 FX:10.0.2-internal)
03:34:18.599 [JavaFX Application Thread] INFO  Engine               - Source code and latest versions at: https://github.com/AlmasB/FXGL
03:34:18.600 [JavaFX Application Thread] INFO  Engine               -              Join the FXGL chat at: https://gitter.im/AlmasB/FXGL
03:34:18.600 [JavaFX Application Thread] DEBUG Engine               - Initializing environment variables
03:34:18.603 [JavaFX Application Thread] DEBUG Engine               - Logging environment variables
03:34:18.603 [JavaFX Application Thread] DEBUG Engine               - achievements: []
03:34:18.603 [JavaFX Application Thread] DEBUG Engine               - sceneStack: com.almasb.fxgl.app.Engine@75e0fa09
03:34:18.603 [JavaFX Application Thread] DEBUG Engine               - isCloseConfirmation: false
03:34:18.604 [JavaFX Application Thread] DEBUG Engine               - language: ObjectProperty [value: null]
03:34:18.604 [JavaFX Application Thread] DEBUG Engine               - isProfilingEnabled: false
03:34:18.604 [JavaFX Application Thread] DEBUG Engine               - soundNotification: core/notification.wav
03:34:18.604 [JavaFX Application Thread] DEBUG Engine               - devShowBBoxProperty: BooleanProperty [value: false]
03:34:18.606 [JavaFX Application Thread] DEBUG Engine               - pixelsPerMeter: 50.0
03:34:18.607 [JavaFX Application Thread] DEBUG Engine               - overlayRoot: Group@4264dcf1
03:34:18.607 [JavaFX Application Thread] DEBUG Engine               - appIcon: fxgl_icon.png
03:34:18.607 [JavaFX Application Thread] DEBUG Engine               - soundMenuBack: menu/back.wav
03:34:18.607 [JavaFX Application Thread] DEBUG Engine               - isFullScreenAllowed: false
03:34:18.607 [JavaFX Application Thread] DEBUG Engine               - isIntroEnabled: false
03:34:18.608 [JavaFX Application Thread] DEBUG Engine               - eventBus: com.almasb.fxgl.event.EventBus@9bbf330
03:34:18.608 [JavaFX Application Thread] DEBUG Engine               - fontMono: lucida_console.ttf
03:34:18.608 [JavaFX Application Thread] DEBUG Engine               - soundMenuSelect: menu/select.wav
03:34:18.608 [JavaFX Application Thread] DEBUG Engine               - isWindows: false
03:34:18.608 [JavaFX Application Thread] DEBUG Engine               - isMobile: false
03:34:18.608 [JavaFX Application Thread] DEBUG Engine               - height: 800
03:34:18.609 [JavaFX Application Thread] DEBUG Engine               - isExperimentalNative: false
03:34:18.609 [JavaFX Application Thread] DEBUG Engine               - isSingleStep: false
03:34:18.609 [JavaFX Application Thread] DEBUG Engine               - cSSList: [fxgl_dark.css]
03:34:18.609 [JavaFX Application Thread] DEBUG Engine               - fontGame: Abel-Regular.ttf
03:34:18.609 [JavaFX Application Thread] DEBUG Engine               - menuKey: ESCAPE
03:34:18.609 [JavaFX Application Thread] DEBUG Engine               - devShowPositionProperty: BooleanProperty [value: false]
03:34:18.610 [JavaFX Application Thread] DEBUG Engine               - versionCheckDays: 7
03:34:18.610 [JavaFX Application Thread] DEBUG Engine               - masterTimer: com.almasb.fxgl.time.Timer@4925e04a
03:34:18.610 [JavaFX Application Thread] DEBUG Engine               - configClass: Optional.empty
03:34:18.610 [JavaFX Application Thread] DEBUG Engine               - isFullScreenFromStart: false
03:34:18.610 [JavaFX Application Thread] DEBUG Engine               - version: 0.1
03:34:18.610 [JavaFX Application Thread] DEBUG Engine               - fullScreen: BooleanProperty [value: false]
03:34:18.611 [JavaFX Application Thread] DEBUG Engine               - dialogFactory: com.almasb.fxgl.ui.FXGLDialogFactory@121a8383
03:34:18.611 [JavaFX Application Thread] DEBUG Engine               - applicationMode: DEVELOPER
03:34:18.611 [JavaFX Application Thread] DEBUG Engine               - isMac: false
03:34:18.611 [JavaFX Application Thread] DEBUG Engine               - urlGoogleForms: https://goo.gl/forms/6wrMnOBxTE1fEpOy2
03:34:18.611 [JavaFX Application Thread] DEBUG Engine               - isMenuEnabled: false
03:34:18.611 [JavaFX Application Thread] DEBUG Engine               - urlPOM: https://raw.githubusercontent.com/AlmasB/FXGL/master/pom.xml
03:34:18.612 [JavaFX Application Thread] DEBUG Engine               - profileName: user.profile
03:34:18.612 [JavaFX Application Thread] DEBUG Engine               - notificationViewClass: class com.almasb.fxgl.notification.view.XboxNotificationView
03:34:18.612 [JavaFX Application Thread] DEBUG Engine               - devSensorColorProperty: ObjectProperty [value: 0xffff00ff]
03:34:18.612 [JavaFX Application Thread] DEBUG Engine               - sceneFactory: com.almasb.fxgl.app.SceneFactory@76fd4665
03:34:18.612 [JavaFX Application Thread] DEBUG Engine               - dataFileExt: .dat
03:34:18.612 [JavaFX Application Thread] DEBUG Engine               - stageStyle: DECORATED
03:34:18.613 [JavaFX Application Thread] DEBUG Engine               - isManualResizeEnabled: false
03:34:18.613 [JavaFX Application Thread] DEBUG Engine               - title: Geo Jumper
03:34:18.613 [JavaFX Application Thread] DEBUG Engine               - platform: LINUX
03:34:18.613 [JavaFX Application Thread] DEBUG Engine               - devBBoxColorProperty: ObjectProperty [value: 0xff0000ff]
03:34:18.613 [JavaFX Application Thread] DEBUG Engine               - isDesktop: true
03:34:18.613 [JavaFX Application Thread] DEBUG Engine               - credits: [Nancy Koller, Jonell Kretsch]
03:34:18.613 [JavaFX Application Thread] DEBUG Engine               - globalMusicVolumeProperty: DoubleProperty [value: 0.5]
03:34:18.613 [JavaFX Application Thread] DEBUG Engine               - uIFactory: com.almasb.fxgl.ui.FXGLUIFactory@200909f9
03:34:18.614 [JavaFX Application Thread] DEBUG Engine               - isPreserveResizeRatio: false
03:34:18.614 [JavaFX Application Thread] DEBUG Engine               - fontText: Courier-Prime.ttf
03:34:18.614 [JavaFX Application Thread] DEBUG Engine               - isExperimentalTiledLargeMap: false
03:34:18.614 [JavaFX Application Thread] DEBUG Engine               - secondsIn24h: 60
03:34:18.614 [JavaFX Application Thread] DEBUG Engine               - runtimeInfo: RuntimeInfo(platform=LINUX, version=11.5, build=17.09.2019 20.41)
03:34:18.614 [JavaFX Application Thread] DEBUG Engine               - isLinux: true
03:34:18.614 [JavaFX Application Thread] DEBUG Engine               - soundMenuPress: menu/press.wav
03:34:18.614 [JavaFX Application Thread] DEBUG Engine               - urlGithub: https://github.com/AlmasB/FXGL
03:34:18.614 [JavaFX Application Thread] DEBUG Engine               - profileDir: profiles/
03:34:18.614 [JavaFX Application Thread] DEBUG Engine               - isDeveloperMenuEnabled: false
03:34:18.614 [JavaFX Application Thread] DEBUG Engine               - globalSoundVolumeProperty: DoubleProperty [value: 0.5]
03:34:18.615 [JavaFX Application Thread] DEBUG Engine               - isBrowser: false
03:34:18.615 [JavaFX Application Thread] DEBUG Engine               - globalSoundVolume: 0.5
03:34:18.615 [JavaFX Application Thread] DEBUG Engine               - urlLeaderboard: http://fxgl-top.herokuapp.com/
03:34:18.615 [JavaFX Application Thread] DEBUG Engine               - saveDir: saves/
03:34:18.615 [JavaFX Application Thread] DEBUG Engine               - engineServices: [class com.almasb.fxgl.audio.AudioPlayer, class com.almasb.fxgl.notification.impl.NotificationServiceProvider, class com.almasb.fxgl.achievement.AchievementManager, class com.almasb.fxgl.cutscene.CutsceneService, class com.almasb.fxgl.minigames.MiniGameService]
03:34:18.615 [JavaFX Application Thread] DEBUG Engine               - globalMusicVolume: 0.5
03:34:18.615 [JavaFX Application Thread] DEBUG Engine               - width: 600
03:34:18.615 [JavaFX Application Thread] DEBUG Engine               - saveFileExt: .sav
03:34:18.615 [JavaFX Application Thread] DEBUG Engine               - isAndroid: false
03:34:18.616 [JavaFX Application Thread] DEBUG Engine               - fontUI: VarelaRound-Regular.ttf
03:34:18.616 [JavaFX Application Thread] DEBUG Engine               - enabledMenuItems: []
03:34:18.616 [JavaFX Application Thread] DEBUG Engine               - isIOS: false
03:34:18.619 [JavaFX Application Thread] DEBUG Engine               - Adding new engine service: class com.almasb.fxgl.audio.AudioPlayer
03:34:18.621 [JavaFX Application Thread] DEBUG Engine               - Adding new engine service: class com.almasb.fxgl.notification.impl.NotificationServiceProvider
03:34:18.621 [JavaFX Application Thread] DEBUG Engine               - Adding new engine service: class com.almasb.fxgl.achievement.AchievementManager
03:34:18.623 [JavaFX Application Thread] DEBUG Engine               - Adding new engine service: class com.almasb.fxgl.cutscene.CutsceneService
03:34:18.623 [JavaFX Application Thread] DEBUG Engine               - Adding new engine service: class com.almasb.fxgl.minigames.MiniGameService
03:34:18.627 [JavaFX Application Thread] DEBUG Engine               - Loading localizations
03:34:18.643 [JavaFX Application Thread] DEBUG AssetLoader          - Loading from file system: /assets/properties/languages/english.properties
03:34:18.648 [JavaFX Application Thread] DEBUG AssetLoader          - Loading from file system: /assets/properties/languages/french.properties
03:34:18.650 [JavaFX Application Thread] DEBUG AssetLoader          - Loading from file system: /assets/properties/languages/german.properties
03:34:18.651 [JavaFX Application Thread] DEBUG AssetLoader          - Loading from file system: /assets/properties/languages/russian.properties
03:34:18.652 [JavaFX Application Thread] DEBUG AssetLoader          - Loading from file system: /assets/properties/languages/hungarian.properties
03:34:18.655 [JavaFX Application Thread] DEBUG Engine               - Registering font factories
03:34:18.656 [JavaFX Application Thread] DEBUG AssetLoader          - Loading from file system: /assets/ui/fonts/VarelaRound-Regular.ttf
03:34:18.795 [JavaFX Application Thread] DEBUG AssetLoader          - Loading from file system: /assets/ui/fonts/Abel-Regular.ttf
03:34:18.804 [JavaFX Application Thread] DEBUG AssetLoader          - Loading from file system: /assets/ui/fonts/lucida_console.ttf
03:34:18.809 [JavaFX Application Thread] DEBUG AssetLoader          - Loading from file system: /assets/ui/fonts/Courier-Prime.ttf
03:34:18.813 [JavaFX Application Thread] DEBUG Engine               - Setting UI factory
03:34:18.900 [JavaFX Application Thread] DEBUG AssetLoader          - Loading from file system: /assets/textures/fxgl_logo.png
03:34:18.956 [JavaFX Application Thread] DEBUG MainWindow           - Creating a JavaFX scene
03:34:19.015 [JavaFX Application Thread] DEBUG MainWindow           - Target settings size: 600.0 x 800.0
03:34:19.015 [JavaFX Application Thread] DEBUG MainWindow           - Scaled scene size:    600.0 x 800.0
03:34:19.015 [JavaFX Application Thread] DEBUG MainWindow           - Scaled ratio: (1.0, 1.0)
03:34:19.017 [JavaFX Application Thread] DEBUG MainWindow           - Set initial scene to FXGLStartupScene
03:34:19.023 [JavaFX Application Thread] DEBUG AssetLoader          - Loading from file system: /assets/textures/fxgl_icon.png
03:34:19.035 [JavaFX Application Thread] DEBUG Engine               - Applying CSS: fxgl_dark.css
03:34:19.036 [JavaFX Application Thread] DEBUG AssetLoader          - Loading from file system: /assets/ui/css/fxgl_dark.css
03:34:19.038 [JavaFX Application Thread] DEBUG AssetLoader          - Loading from file system: /assets/ui/cursors/fxgl_default.png
03:34:19.039 [JavaFX Application Thread] DEBUG MainWindow           - Opening main window
03:34:19.192 [JavaFX Application Thread] DEBUG MainWindow           - Window border size: (0.0, 37.0)
03:34:19.193 [JavaFX Application Thread] DEBUG MainWindow           - Scaled size: 600.0 x 800.0
03:34:19.193 [JavaFX Application Thread] DEBUG MainWindow           - Scaled ratio: (1.0, 1.0)
03:34:19.193 [JavaFX Application Thread] DEBUG MainWindow           - Scene size: 600.0 x 800.0
03:34:19.193 [JavaFX Application Thread] DEBUG MainWindow           - Stage size: 600.0 x 837.0
03:34:19.210 [FXGL Background Thread 1 ] DEBUG FS                   - Loaded FSServiceImpl
03:34:19.224 [FXGL Background Thread 1 ] DEBUG Engine               - Loading default FXGL system data
03:34:19.225 [FXGL Background Thread 1 ] DEBUG Engine               - Initializing application scenes
03:34:19.314 [FXGL Background Thread 1 ] DEBUG GameWorld            - Game world initialized
03:34:19.381 [FXGL Background Thread 1 ] DEBUG PhysicsWorld         - Physics world initialized: appHeight=800, physics.ppm=50.0
03:34:19.383 [FXGL Background Thread 1 ] DEBUG GameScene            - Game scene initialized: 600x800
03:34:19.423 [FXGL Background Thread 1 ] DEBUG Input                - Registered new binding: Resume - Esc
03:34:19.423 [FXGL Background Thread 1 ] DEBUG AssetLoader          - Loading from file system: /assets/textures/pause_menu_bg.png
03:34:19.453 [FXGL Background Thread 1 ] DEBUG Input                - Registered new binding: Pause - Esc
03:34:19.454 [FXGL Background Thread 1 ] DEBUG Engine               - Application scenes initialized
03:34:19.460 [JavaFX Application Thread] DEBUG Engine               - Running preInit()
03:34:19.461 [JavaFX Application Thread] DEBUG Input                - Registered new binding: Jump - LMB
03:34:19.462 [JavaFX Application Thread] DEBUG Input                - Registered new binding: Rewind - R
03:34:19.463 [JavaFX Application Thread] DEBUG Input                - Registered new binding: Screenshot - P
03:34:19.463 [JavaFX Application Thread] DEBUG Input                - Registered new binding: System info dump - CTRL+9
03:34:19.463 [JavaFX Application Thread] DEBUG Input                - Registered new binding: Restart - CTRL+R
03:34:19.463 [JavaFX Application Thread] DEBUG Engine               - generateDefaultProfile()
03:34:19.463 [JavaFX Application Thread] DEBUG Engine               - Creating default profile
03:34:19.464 [JavaFX Application Thread] DEBUG EventBus             - Firing event: SaveEvent
03:34:19.477 [JavaFX Application Thread] INFO  Engine               - FXGL initialization took: 0.850 sec
03:34:19.478 [JavaFX Application Thread] DEBUG LoopRunner           - Starting loop
03:34:19.484 [JavaFX Application Thread] DEBUG FXGLStartupScene     - STARTUP
03:34:19.484 [JavaFX Application Thread] DEBUG Engine               - Starting new game
03:34:19.489 [JavaFX Application Thread] DEBUG Input                - Clearing active input actions
03:34:19.490 [FXGL Background Thread 1 ] DEBUG InitAppTask          - Clearing previous game
03:34:19.490 [FXGL Background Thread 1 ] DEBUG GameWorld            - Clearing game world
03:34:19.490 [FXGL Background Thread 1 ] DEBUG PhysicsWorld         - Clearing physics world
03:34:19.490 [FXGL Background Thread 1 ] DEBUG GameScene            - Clearing game scene
03:34:19.490 [FXGL Background Thread 1 ] DEBUG InitAppTask          - Initializing Game
03:34:19.504 [JavaFX Application Thread] DEBUG Engine               - Removing overlay from FXGLStartupScene and adding to LoadingScene
03:34:19.504 [JavaFX Application Thread] DEBUG MainWindow           - FXGLStartupScene -> LoadingScene
03:34:19.567 [FXGL Background Thread 1 ] DEBUG InitAppTask          - Initializing Physics
03:34:19.568 [FXGL Background Thread 1 ] DEBUG InitAppTask          - Initializing UI
03:34:19.568 [FXGL Background Thread 1 ] DEBUG InitAppTask          - Initialization Complete
03:34:19.569 [FXGL Background Thread 1 ] INFO  InitAppTask          - Game initialization took: 0.079 sec
03:34:19.598 [JavaFX Application Thread] DEBUG Input                - Clearing active input actions
03:34:19.620 [JavaFX Application Thread] DEBUG Engine               - Removing overlay from LoadingScene and adding to GameScene
03:34:19.620 [JavaFX Application Thread] DEBUG MainWindow           - LoadingScene -> GameScene
03:34:26.926 [JavaFX Application Thread] DEBUG Engine               - Exiting FXGL
03:34:26.926 [JavaFX Application Thread] DEBUG Engine               - Shutting down background threads
03:34:26.927 [JavaFX Application Thread] DEBUG Engine               - Saving FXGL system data
03:34:26.933 [JavaFX Application Thread] DEBUG FSServiceImpl        - Writing to: /home/george/FXGL_Dev/games_with_src/kotlin/FXGLgamesKt_Gradle7Kt/GeoJumper/system/fxgl.bundle
03:34:26.944 [JavaFX Application Thread] DEBUG Engine               - Closing logger and exiting JavaFX
