03:51:09.219 [main                     ] DEBUG GameApplication      - Logger initialized
03:51:09.241 [main                     ] DEBUG GameApplication      - Logging settings
Title: OutRun
Version: 0.3.5
Width: 600
Height: 800
Fullscreen: false
Intro: false
Menus: false
Profiling: false
Single step:false
App Mode: DEVELOPER
Menu Key: ESCAPE
Stage Style: DECORATED
Scene Factory: class com.almasb.fxgl.app.SceneFactory
Dialog Factory: class com.almasb.fxgl.ui.FXGLDialogFactory
UI Factory: class com.almasb.fxgl.ui.FXGLUIFactory

03:51:09.469 [JavaFX Application Thread] DEBUG Engine               - Initializing FXGL
03:51:09.469 [JavaFX Application Thread] INFO  Engine               - FXGL-11.5 (17.09.2019 20.41) on LINUX (J:11.0.2 FX:10.0.2-internal)
03:51:09.469 [JavaFX Application Thread] INFO  Engine               - Source code and latest versions at: https://github.com/AlmasB/FXGL
03:51:09.469 [JavaFX Application Thread] INFO  Engine               -              Join the FXGL chat at: https://gitter.im/AlmasB/FXGL
03:51:09.469 [JavaFX Application Thread] DEBUG Engine               - Initializing environment variables
03:51:09.471 [JavaFX Application Thread] DEBUG Engine               - Logging environment variables
03:51:09.471 [JavaFX Application Thread] DEBUG Engine               - achievements: []
03:51:09.472 [JavaFX Application Thread] DEBUG Engine               - sceneStack: com.almasb.fxgl.app.Engine@318d6243
03:51:09.472 [JavaFX Application Thread] DEBUG Engine               - isCloseConfirmation: false
03:51:09.472 [JavaFX Application Thread] DEBUG Engine               - language: ObjectProperty [value: null]
03:51:09.472 [JavaFX Application Thread] DEBUG Engine               - isProfilingEnabled: false
03:51:09.472 [JavaFX Application Thread] DEBUG Engine               - soundNotification: core/notification.wav
03:51:09.472 [JavaFX Application Thread] DEBUG Engine               - devShowBBoxProperty: BooleanProperty [value: false]
03:51:09.474 [JavaFX Application Thread] DEBUG Engine               - pixelsPerMeter: 50.0
03:51:09.475 [JavaFX Application Thread] DEBUG Engine               - overlayRoot: Group@57b20e92
03:51:09.475 [JavaFX Application Thread] DEBUG Engine               - appIcon: fxgl_icon.png
03:51:09.475 [JavaFX Application Thread] DEBUG Engine               - soundMenuBack: menu/back.wav
03:51:09.475 [JavaFX Application Thread] DEBUG Engine               - isFullScreenAllowed: false
03:51:09.475 [JavaFX Application Thread] DEBUG Engine               - isIntroEnabled: false
03:51:09.475 [JavaFX Application Thread] DEBUG Engine               - eventBus: com.almasb.fxgl.event.EventBus@58d5bfad
03:51:09.476 [JavaFX Application Thread] DEBUG Engine               - fontMono: lucida_console.ttf
03:51:09.476 [JavaFX Application Thread] DEBUG Engine               - soundMenuSelect: menu/select.wav
03:51:09.476 [JavaFX Application Thread] DEBUG Engine               - isWindows: false
03:51:09.476 [JavaFX Application Thread] DEBUG Engine               - isMobile: false
03:51:09.476 [JavaFX Application Thread] DEBUG Engine               - height: 800
03:51:09.476 [JavaFX Application Thread] DEBUG Engine               - isExperimentalNative: false
03:51:09.476 [JavaFX Application Thread] DEBUG Engine               - isSingleStep: false
03:51:09.476 [JavaFX Application Thread] DEBUG Engine               - cSSList: [fxgl_dark.css]
03:51:09.477 [JavaFX Application Thread] DEBUG Engine               - fontGame: Abel-Regular.ttf
03:51:09.477 [JavaFX Application Thread] DEBUG Engine               - menuKey: ESCAPE
03:51:09.477 [JavaFX Application Thread] DEBUG Engine               - devShowPositionProperty: BooleanProperty [value: false]
03:51:09.477 [JavaFX Application Thread] DEBUG Engine               - versionCheckDays: 7
03:51:09.477 [JavaFX Application Thread] DEBUG Engine               - masterTimer: com.almasb.fxgl.time.Timer@74b6c208
03:51:09.477 [JavaFX Application Thread] DEBUG Engine               - configClass: Optional.empty
03:51:09.477 [JavaFX Application Thread] DEBUG Engine               - isFullScreenFromStart: false
03:51:09.477 [JavaFX Application Thread] DEBUG Engine               - version: 0.3.5
03:51:09.478 [JavaFX Application Thread] DEBUG Engine               - fullScreen: BooleanProperty [value: false]
03:51:09.478 [JavaFX Application Thread] DEBUG Engine               - dialogFactory: com.almasb.fxgl.ui.FXGLDialogFactory@6dc5709c
03:51:09.478 [JavaFX Application Thread] DEBUG Engine               - applicationMode: DEVELOPER
03:51:09.478 [JavaFX Application Thread] DEBUG Engine               - isMac: false
03:51:09.478 [JavaFX Application Thread] DEBUG Engine               - urlGoogleForms: https://goo.gl/forms/6wrMnOBxTE1fEpOy2
03:51:09.478 [JavaFX Application Thread] DEBUG Engine               - isMenuEnabled: false
03:51:09.478 [JavaFX Application Thread] DEBUG Engine               - urlPOM: https://raw.githubusercontent.com/AlmasB/FXGL/master/pom.xml
03:51:09.478 [JavaFX Application Thread] DEBUG Engine               - profileName: user.profile
03:51:09.479 [JavaFX Application Thread] DEBUG Engine               - notificationViewClass: class com.almasb.fxgl.notification.view.XboxNotificationView
03:51:09.479 [JavaFX Application Thread] DEBUG Engine               - devSensorColorProperty: ObjectProperty [value: 0xffff00ff]
03:51:09.479 [JavaFX Application Thread] DEBUG Engine               - sceneFactory: com.almasb.fxgl.app.SceneFactory@2a442528
03:51:09.479 [JavaFX Application Thread] DEBUG Engine               - dataFileExt: .dat
03:51:09.479 [JavaFX Application Thread] DEBUG Engine               - stageStyle: DECORATED
03:51:09.479 [JavaFX Application Thread] DEBUG Engine               - isManualResizeEnabled: false
03:51:09.479 [JavaFX Application Thread] DEBUG Engine               - title: OutRun
03:51:09.479 [JavaFX Application Thread] DEBUG Engine               - platform: LINUX
03:51:09.479 [JavaFX Application Thread] DEBUG Engine               - devBBoxColorProperty: ObjectProperty [value: 0xff0000ff]
03:51:09.480 [JavaFX Application Thread] DEBUG Engine               - isDesktop: true
03:51:09.480 [JavaFX Application Thread] DEBUG Engine               - credits: []
03:51:09.480 [JavaFX Application Thread] DEBUG Engine               - globalMusicVolumeProperty: DoubleProperty [value: 0.5]
03:51:09.480 [JavaFX Application Thread] DEBUG Engine               - uIFactory: com.almasb.fxgl.ui.FXGLUIFactory@5f99df1a
03:51:09.480 [JavaFX Application Thread] DEBUG Engine               - isPreserveResizeRatio: false
03:51:09.480 [JavaFX Application Thread] DEBUG Engine               - fontText: Courier-Prime.ttf
03:51:09.480 [JavaFX Application Thread] DEBUG Engine               - isExperimentalTiledLargeMap: false
03:51:09.480 [JavaFX Application Thread] DEBUG Engine               - secondsIn24h: 60
03:51:09.480 [JavaFX Application Thread] DEBUG Engine               - runtimeInfo: RuntimeInfo(platform=LINUX, version=11.5, build=17.09.2019 20.41)
03:51:09.480 [JavaFX Application Thread] DEBUG Engine               - isLinux: true
03:51:09.480 [JavaFX Application Thread] DEBUG Engine               - soundMenuPress: menu/press.wav
03:51:09.481 [JavaFX Application Thread] DEBUG Engine               - urlGithub: https://github.com/AlmasB/FXGL
03:51:09.481 [JavaFX Application Thread] DEBUG Engine               - profileDir: profiles/
03:51:09.481 [JavaFX Application Thread] DEBUG Engine               - isDeveloperMenuEnabled: false
03:51:09.481 [JavaFX Application Thread] DEBUG Engine               - globalSoundVolumeProperty: DoubleProperty [value: 0.5]
03:51:09.481 [JavaFX Application Thread] DEBUG Engine               - isBrowser: false
03:51:09.481 [JavaFX Application Thread] DEBUG Engine               - globalSoundVolume: 0.5
03:51:09.481 [JavaFX Application Thread] DEBUG Engine               - urlLeaderboard: http://fxgl-top.herokuapp.com/
03:51:09.481 [JavaFX Application Thread] DEBUG Engine               - saveDir: saves/
03:51:09.481 [JavaFX Application Thread] DEBUG Engine               - engineServices: [class com.almasb.fxgl.audio.AudioPlayer, class com.almasb.fxgl.notification.impl.NotificationServiceProvider, class com.almasb.fxgl.achievement.AchievementManager, class com.almasb.fxgl.cutscene.CutsceneService, class com.almasb.fxgl.minigames.MiniGameService]
03:51:09.481 [JavaFX Application Thread] DEBUG Engine               - globalMusicVolume: 0.5
03:51:09.481 [JavaFX Application Thread] DEBUG Engine               - width: 600
03:51:09.481 [JavaFX Application Thread] DEBUG Engine               - saveFileExt: .sav
03:51:09.481 [JavaFX Application Thread] DEBUG Engine               - isAndroid: false
03:51:09.482 [JavaFX Application Thread] DEBUG Engine               - fontUI: VarelaRound-Regular.ttf
03:51:09.482 [JavaFX Application Thread] DEBUG Engine               - enabledMenuItems: []
03:51:09.482 [JavaFX Application Thread] DEBUG Engine               - isIOS: false
03:51:09.484 [JavaFX Application Thread] DEBUG Engine               - Adding new engine service: class com.almasb.fxgl.audio.AudioPlayer
03:51:09.484 [JavaFX Application Thread] DEBUG Engine               - Adding new engine service: class com.almasb.fxgl.notification.impl.NotificationServiceProvider
03:51:09.485 [JavaFX Application Thread] DEBUG Engine               - Adding new engine service: class com.almasb.fxgl.achievement.AchievementManager
03:51:09.485 [JavaFX Application Thread] DEBUG Engine               - Adding new engine service: class com.almasb.fxgl.cutscene.CutsceneService
03:51:09.485 [JavaFX Application Thread] DEBUG Engine               - Adding new engine service: class com.almasb.fxgl.minigames.MiniGameService
03:51:09.488 [JavaFX Application Thread] DEBUG Engine               - Loading localizations
03:51:09.495 [JavaFX Application Thread] DEBUG AssetLoader          - Loading from file system: /assets/properties/languages/english.properties
03:51:09.498 [JavaFX Application Thread] DEBUG AssetLoader          - Loading from file system: /assets/properties/languages/french.properties
03:51:09.499 [JavaFX Application Thread] DEBUG AssetLoader          - Loading from file system: /assets/properties/languages/german.properties
03:51:09.500 [JavaFX Application Thread] DEBUG AssetLoader          - Loading from file system: /assets/properties/languages/russian.properties
03:51:09.502 [JavaFX Application Thread] DEBUG AssetLoader          - Loading from file system: /assets/properties/languages/hungarian.properties
03:51:09.504 [JavaFX Application Thread] DEBUG Engine               - Registering font factories
03:51:09.504 [JavaFX Application Thread] DEBUG AssetLoader          - Loading from file system: /assets/ui/fonts/VarelaRound-Regular.ttf
03:51:09.594 [JavaFX Application Thread] DEBUG AssetLoader          - Loading from file system: /assets/ui/fonts/Abel-Regular.ttf
03:51:09.595 [JavaFX Application Thread] DEBUG AssetLoader          - Loading from file system: /assets/ui/fonts/lucida_console.ttf
03:51:09.598 [JavaFX Application Thread] DEBUG AssetLoader          - Loading from file system: /assets/ui/fonts/Courier-Prime.ttf
03:51:09.600 [JavaFX Application Thread] DEBUG Engine               - Setting UI factory
03:51:09.653 [JavaFX Application Thread] DEBUG AssetLoader          - Loading from file system: /assets/textures/fxgl_logo.png
03:51:09.698 [JavaFX Application Thread] DEBUG MainWindow           - Creating a JavaFX scene
03:51:09.741 [JavaFX Application Thread] DEBUG MainWindow           - Target settings size: 600.0 x 800.0
03:51:09.742 [JavaFX Application Thread] DEBUG MainWindow           - Scaled scene size:    600.0 x 800.0
03:51:09.742 [JavaFX Application Thread] DEBUG MainWindow           - Scaled ratio: (1.0, 1.0)
03:51:09.743 [JavaFX Application Thread] DEBUG MainWindow           - Set initial scene to FXGLStartupScene
03:51:09.748 [JavaFX Application Thread] DEBUG AssetLoader          - Loading from file system: /assets/textures/fxgl_icon.png
03:51:09.759 [JavaFX Application Thread] DEBUG Engine               - Applying CSS: fxgl_dark.css
03:51:09.760 [JavaFX Application Thread] DEBUG AssetLoader          - Loading from file system: /assets/ui/css/fxgl_dark.css
03:51:09.761 [JavaFX Application Thread] DEBUG AssetLoader          - Loading from file system: /assets/ui/cursors/fxgl_default.png
03:51:09.762 [JavaFX Application Thread] DEBUG MainWindow           - Opening main window
03:51:09.837 [JavaFX Application Thread] DEBUG MainWindow           - Window border size: (0.0, 37.0)
03:51:09.837 [JavaFX Application Thread] DEBUG MainWindow           - Scaled size: 600.0 x 800.0
03:51:09.837 [JavaFX Application Thread] DEBUG MainWindow           - Scaled ratio: (1.0, 1.0)
03:51:09.837 [JavaFX Application Thread] DEBUG MainWindow           - Scene size: 600.0 x 800.0
03:51:09.837 [JavaFX Application Thread] DEBUG MainWindow           - Stage size: 600.0 x 837.0
03:51:09.845 [FXGL Background Thread 1 ] DEBUG FS                   - Loaded FSServiceImpl
03:51:09.846 [FXGL Background Thread 1 ] DEBUG Engine               - Loading FXGL system data
03:51:09.849 [FXGL Background Thread 1 ] DEBUG FSServiceImpl        - Reading from: /home/george/FXGL_Dev/games_with_src/kotlin/FXGLgamesKt_Gradle7Kt/OutRun/system/fxgl.bundle
03:51:09.859 [FXGL Background Thread 1 ] DEBUG Engine               - Bundle FXGL: {}
03:51:09.859 [FXGL Background Thread 1 ] DEBUG Engine               - Initializing application scenes
03:51:09.886 [FXGL Background Thread 1 ] DEBUG GameWorld            - Game world initialized
03:51:09.962 [FXGL Background Thread 1 ] DEBUG PhysicsWorld         - Physics world initialized: appHeight=800, physics.ppm=50.0
03:51:09.964 [FXGL Background Thread 1 ] DEBUG GameScene            - Game scene initialized: 600x800
03:51:10.000 [FXGL Background Thread 1 ] DEBUG Input                - Registered new binding: Resume - Esc
03:51:10.000 [FXGL Background Thread 1 ] DEBUG AssetLoader          - Loading from file system: /assets/textures/pause_menu_bg.png
03:51:10.019 [FXGL Background Thread 1 ] DEBUG Input                - Registered new binding: Pause - Esc
03:51:10.019 [FXGL Background Thread 1 ] DEBUG Engine               - Application scenes initialized
03:51:10.021 [JavaFX Application Thread] DEBUG Engine               - Running preInit()
03:51:10.022 [JavaFX Application Thread] DEBUG Input                - Registered new binding: Boost - W
03:51:10.022 [JavaFX Application Thread] DEBUG Input                - Registered new binding: Move Left - A
03:51:10.022 [JavaFX Application Thread] DEBUG Input                - Registered new binding: Move Right - D
03:51:10.023 [JavaFX Application Thread] DEBUG Input                - Registered new binding: Screenshot - P
03:51:10.023 [JavaFX Application Thread] DEBUG Input                - Registered new binding: System info dump - CTRL+9
03:51:10.023 [JavaFX Application Thread] DEBUG Input                - Registered new binding: Restart - CTRL+R
03:51:10.023 [JavaFX Application Thread] DEBUG Engine               - generateDefaultProfile()
03:51:10.024 [JavaFX Application Thread] DEBUG Engine               - Creating default profile
03:51:10.024 [JavaFX Application Thread] DEBUG EventBus             - Firing event: SaveEvent
03:51:10.036 [JavaFX Application Thread] INFO  Engine               - FXGL initialization took: 0.548 sec
03:51:10.036 [JavaFX Application Thread] DEBUG LoopRunner           - Starting loop
03:51:10.042 [JavaFX Application Thread] DEBUG FXGLStartupScene     - STARTUP
03:51:10.042 [JavaFX Application Thread] DEBUG Engine               - Starting new game
03:51:10.047 [JavaFX Application Thread] DEBUG Input                - Clearing active input actions
03:51:10.048 [FXGL Background Thread 1 ] DEBUG InitAppTask          - Clearing previous game
03:51:10.048 [FXGL Background Thread 1 ] DEBUG GameWorld            - Clearing game world
03:51:10.048 [FXGL Background Thread 1 ] DEBUG PhysicsWorld         - Clearing physics world
03:51:10.048 [FXGL Background Thread 1 ] DEBUG GameScene            - Clearing game scene
03:51:10.048 [FXGL Background Thread 1 ] DEBUG InitAppTask          - Initializing Game
03:51:10.050 [FXGL Background Thread 1 ] DEBUG AssetLoader          - Loading from file system: /assets/music/bgm.mp3
03:51:10.058 [JavaFX Application Thread] DEBUG Engine               - Removing overlay from FXGLStartupScene and adding to LoadingScene
03:51:10.059 [JavaFX Application Thread] DEBUG MainWindow           - FXGLStartupScene -> LoadingScene
03:51:10.131 [FXGL Background Thread 1 ] WARN  AssetLoader          - Failed to load music bgm.mp3 Error: MediaException: UNKNOWN : com.sun.media.jfxmedia.MediaException: Could not create player! : com.sun.media.jfxmedia.MediaException: Could not create player!
03:51:10.133 [FXGL Background Thread 1 ] DEBUG AudioPlayer          - Playing music com.almasb.fxgl.audio.Music@11f29d4f
03:51:10.140 [FXGL Background Thread 1 ] DEBUG AssetLoader          - Loading from file system: /assets/levels/level0.txt
03:51:10.151 [FXGL Background Thread 1 ] DEBUG AssetLoader          - Loading from file system: /assets/textures/barrel_blue_up.png
03:51:10.153 [FXGL Background Thread 1 ] DEBUG AssetLoader          - Loading from file system: /assets/textures/cone_up.png
03:51:10.154 [FXGL Background Thread 1 ] DEBUG AssetLoader          - Loading from cache: /assets/textures/cone_up.png
03:51:10.155 [FXGL Background Thread 1 ] DEBUG AssetLoader          - Loading from cache: /assets/textures/cone_up.png
03:51:10.156 [FXGL Background Thread 1 ] DEBUG AssetLoader          - Loading from cache: /assets/textures/cone_up.png
03:51:10.157 [FXGL Background Thread 1 ] DEBUG AssetLoader          - Loading from cache: /assets/textures/cone_up.png
03:51:10.158 [FXGL Background Thread 1 ] DEBUG AssetLoader          - Loading from file system: /assets/textures/powerup_boost.png
03:51:10.159 [FXGL Background Thread 1 ] DEBUG AssetLoader          - Loading from cache: /assets/textures/cone_up.png
03:51:10.160 [FXGL Background Thread 1 ] DEBUG AssetLoader          - Loading from cache: /assets/textures/cone_up.png
03:51:10.161 [FXGL Background Thread 1 ] DEBUG AssetLoader          - Loading from cache: /assets/textures/barrel_blue_up.png
03:51:10.162 [FXGL Background Thread 1 ] DEBUG AssetLoader          - Loading from cache: /assets/textures/barrel_blue_up.png
03:51:10.163 [FXGL Background Thread 1 ] DEBUG AssetLoader          - Loading from cache: /assets/textures/powerup_boost.png
03:51:10.164 [FXGL Background Thread 1 ] DEBUG AssetLoader          - Loading from cache: /assets/textures/barrel_blue_up.png
03:51:10.165 [FXGL Background Thread 1 ] DEBUG AssetLoader          - Loading from cache: /assets/textures/cone_up.png
03:51:10.165 [FXGL Background Thread 1 ] DEBUG AssetLoader          - Loading from cache: /assets/textures/powerup_boost.png
03:51:10.166 [FXGL Background Thread 1 ] DEBUG AssetLoader          - Loading from cache: /assets/textures/cone_up.png
03:51:10.166 [FXGL Background Thread 1 ] DEBUG AssetLoader          - Loading from cache: /assets/textures/barrel_blue_up.png
03:51:10.167 [FXGL Background Thread 1 ] DEBUG AssetLoader          - Loading from cache: /assets/textures/barrel_blue_up.png
03:51:10.168 [FXGL Background Thread 1 ] DEBUG AssetLoader          - Loading from cache: /assets/textures/barrel_blue_up.png
03:51:10.169 [FXGL Background Thread 1 ] DEBUG AssetLoader          - Loading from cache: /assets/textures/cone_up.png
03:51:10.169 [FXGL Background Thread 1 ] DEBUG AssetLoader          - Loading from cache: /assets/textures/barrel_blue_up.png
03:51:10.170 [FXGL Background Thread 1 ] DEBUG AssetLoader          - Loading from cache: /assets/textures/barrel_blue_up.png
03:51:10.170 [FXGL Background Thread 1 ] DEBUG AssetLoader          - Loading from cache: /assets/textures/barrel_blue_up.png
03:51:10.171 [FXGL Background Thread 1 ] DEBUG AssetLoader          - Loading from cache: /assets/textures/barrel_blue_up.png
03:51:10.171 [FXGL Background Thread 1 ] DEBUG AssetLoader          - Loading from cache: /assets/textures/cone_up.png
03:51:10.171 [FXGL Background Thread 1 ] DEBUG AssetLoader          - Loading from cache: /assets/textures/barrel_blue_up.png
03:51:10.172 [FXGL Background Thread 1 ] DEBUG AssetLoader          - Loading from cache: /assets/textures/barrel_blue_up.png
03:51:10.172 [FXGL Background Thread 1 ] DEBUG AssetLoader          - Loading from cache: /assets/textures/cone_up.png
03:51:10.173 [FXGL Background Thread 1 ] DEBUG AssetLoader          - Loading from cache: /assets/textures/barrel_blue_up.png
03:51:10.174 [FXGL Background Thread 1 ] DEBUG AssetLoader          - Loading from cache: /assets/textures/barrel_blue_up.png
03:51:10.174 [FXGL Background Thread 1 ] DEBUG AssetLoader          - Loading from cache: /assets/textures/barrel_blue_up.png
03:51:10.174 [FXGL Background Thread 1 ] DEBUG AssetLoader          - Loading from cache: /assets/textures/cone_up.png
03:51:10.175 [FXGL Background Thread 1 ] DEBUG AssetLoader          - Loading from cache: /assets/textures/cone_up.png
03:51:10.176 [FXGL Background Thread 1 ] DEBUG AssetLoader          - Loading from cache: /assets/textures/cone_up.png
03:51:10.176 [FXGL Background Thread 1 ] DEBUG AssetLoader          - Loading from cache: /assets/textures/cone_up.png
03:51:10.177 [FXGL Background Thread 1 ] DEBUG AssetLoader          - Loading from cache: /assets/textures/cone_up.png
03:51:10.177 [FXGL Background Thread 1 ] DEBUG AssetLoader          - Loading from cache: /assets/textures/barrel_blue_up.png
03:51:10.178 [FXGL Background Thread 1 ] DEBUG AssetLoader          - Loading from cache: /assets/textures/cone_up.png
03:51:10.178 [FXGL Background Thread 1 ] DEBUG AssetLoader          - Loading from cache: /assets/textures/barrel_blue_up.png
03:51:10.179 [FXGL Background Thread 1 ] DEBUG AssetLoader          - Loading from cache: /assets/textures/barrel_blue_up.png
03:51:10.179 [FXGL Background Thread 1 ] DEBUG AssetLoader          - Loading from cache: /assets/textures/cone_up.png
03:51:10.180 [FXGL Background Thread 1 ] DEBUG AssetLoader          - Loading from cache: /assets/textures/barrel_blue_up.png
03:51:10.180 [FXGL Background Thread 1 ] DEBUG AssetLoader          - Loading from cache: /assets/textures/barrel_blue_up.png
03:51:10.181 [FXGL Background Thread 1 ] DEBUG AssetLoader          - Loading from cache: /assets/textures/barrel_blue_up.png
03:51:10.181 [FXGL Background Thread 1 ] DEBUG AssetLoader          - Loading from cache: /assets/textures/cone_up.png
03:51:10.182 [FXGL Background Thread 1 ] DEBUG AssetLoader          - Loading from cache: /assets/textures/cone_up.png
03:51:10.182 [FXGL Background Thread 1 ] DEBUG AssetLoader          - Loading from cache: /assets/textures/cone_up.png
03:51:10.183 [FXGL Background Thread 1 ] DEBUG AssetLoader          - Loading from cache: /assets/textures/barrel_blue_up.png
03:51:10.183 [FXGL Background Thread 1 ] DEBUG AssetLoader          - Loading from cache: /assets/textures/barrel_blue_up.png
03:51:10.183 [FXGL Background Thread 1 ] DEBUG AssetLoader          - Loading from cache: /assets/textures/barrel_blue_up.png
03:51:10.184 [FXGL Background Thread 1 ] DEBUG AssetLoader          - Loading from cache: /assets/textures/cone_up.png
03:51:10.185 [FXGL Background Thread 1 ] DEBUG AssetLoader          - Loading from cache: /assets/textures/barrel_blue_up.png
03:51:10.185 [FXGL Background Thread 1 ] DEBUG AssetLoader          - Loading from cache: /assets/textures/barrel_blue_up.png
03:51:10.185 [FXGL Background Thread 1 ] DEBUG AssetLoader          - Loading from cache: /assets/textures/barrel_blue_up.png
03:51:10.186 [FXGL Background Thread 1 ] DEBUG AssetLoader          - Loading from cache: /assets/textures/barrel_blue_up.png
03:51:10.186 [FXGL Background Thread 1 ] DEBUG AssetLoader          - Loading from cache: /assets/textures/cone_up.png
03:51:10.187 [FXGL Background Thread 1 ] DEBUG AssetLoader          - Loading from cache: /assets/textures/cone_up.png
03:51:10.187 [FXGL Background Thread 1 ] DEBUG AssetLoader          - Loading from cache: /assets/textures/cone_up.png
03:51:10.188 [FXGL Background Thread 1 ] DEBUG AssetLoader          - Loading from cache: /assets/textures/powerup_boost.png
03:51:10.188 [FXGL Background Thread 1 ] DEBUG AssetLoader          - Loading from cache: /assets/textures/cone_up.png
03:51:10.189 [FXGL Background Thread 1 ] DEBUG AssetLoader          - Loading from cache: /assets/textures/cone_up.png
03:51:10.189 [FXGL Background Thread 1 ] DEBUG AssetLoader          - Loading from cache: /assets/textures/cone_up.png
03:51:10.190 [FXGL Background Thread 1 ] DEBUG AssetLoader          - Loading from cache: /assets/textures/barrel_blue_up.png
03:51:10.190 [FXGL Background Thread 1 ] DEBUG AssetLoader          - Loading from cache: /assets/textures/cone_up.png
03:51:10.191 [FXGL Background Thread 1 ] DEBUG AssetLoader          - Loading from cache: /assets/textures/cone_up.png
03:51:10.191 [FXGL Background Thread 1 ] DEBUG AssetLoader          - Loading from cache: /assets/textures/cone_up.png
03:51:10.192 [FXGL Background Thread 1 ] DEBUG AssetLoader          - Loading from cache: /assets/textures/cone_up.png
03:51:10.192 [FXGL Background Thread 1 ] DEBUG AssetLoader          - Loading from cache: /assets/textures/cone_up.png
03:51:10.193 [FXGL Background Thread 1 ] DEBUG AssetLoader          - Loading from cache: /assets/textures/cone_up.png
03:51:10.194 [FXGL Background Thread 1 ] DEBUG AssetLoader          - Loading from cache: /assets/textures/powerup_boost.png
03:51:10.195 [FXGL Background Thread 1 ] DEBUG AssetLoader          - Loading from cache: /assets/textures/powerup_boost.png
03:51:10.195 [FXGL Background Thread 1 ] DEBUG AssetLoader          - Loading from cache: /assets/textures/cone_up.png
03:51:10.196 [FXGL Background Thread 1 ] DEBUG AssetLoader          - Loading from cache: /assets/textures/powerup_boost.png
03:51:10.197 [FXGL Background Thread 1 ] DEBUG AssetLoader          - Loading from cache: /assets/textures/barrel_blue_up.png
03:51:10.197 [FXGL Background Thread 1 ] DEBUG AssetLoader          - Loading from cache: /assets/textures/cone_up.png
03:51:10.198 [FXGL Background Thread 1 ] DEBUG AssetLoader          - Loading from cache: /assets/textures/powerup_boost.png
03:51:10.199 [FXGL Background Thread 1 ] DEBUG AssetLoader          - Loading from cache: /assets/textures/cone_up.png
03:51:10.200 [FXGL Background Thread 1 ] DEBUG AssetLoader          - Loading from cache: /assets/textures/barrel_blue_up.png
03:51:10.200 [FXGL Background Thread 1 ] DEBUG AssetLoader          - Loading from cache: /assets/textures/barrel_blue_up.png
03:51:10.201 [FXGL Background Thread 1 ] DEBUG AssetLoader          - Loading from cache: /assets/textures/cone_up.png
03:51:10.202 [FXGL Background Thread 1 ] DEBUG AssetLoader          - Loading from cache: /assets/textures/cone_up.png
03:51:10.202 [FXGL Background Thread 1 ] DEBUG AssetLoader          - Loading from cache: /assets/textures/barrel_blue_up.png
03:51:10.203 [FXGL Background Thread 1 ] DEBUG AssetLoader          - Loading from cache: /assets/textures/cone_up.png
03:51:10.204 [FXGL Background Thread 1 ] DEBUG AssetLoader          - Loading from cache: /assets/textures/cone_up.png
03:51:10.205 [FXGL Background Thread 1 ] DEBUG AssetLoader          - Loading from cache: /assets/textures/cone_up.png
03:51:10.205 [FXGL Background Thread 1 ] DEBUG AssetLoader          - Loading from cache: /assets/textures/barrel_blue_up.png
03:51:10.206 [FXGL Background Thread 1 ] DEBUG GameWorld            - Clearing removable entities
03:51:10.206 [FXGL Background Thread 1 ] DEBUG GameWorld            - Setting level: com.almasb.fxgl.entity.level.Level@56b355bc
03:51:10.211 [FXGL Background Thread 1 ] DEBUG AssetLoader          - Loading from file system: /assets/textures/player.png
03:51:10.213 [FXGL Background Thread 1 ] DEBUG AssetLoader          - Loading from cache: /assets/textures/player.png
03:51:10.230 [FXGL Background Thread 1 ] DEBUG InitAppTask          - Initializing Physics
03:51:10.232 [FXGL Background Thread 1 ] DEBUG InitAppTask          - Initializing UI
03:51:10.245 [FXGL Background Thread 1 ] DEBUG InitAppTask          - Initialization Complete
03:51:10.245 [FXGL Background Thread 1 ] INFO  InitAppTask          - Game initialization took: 0.197 sec
03:51:10.250 [JavaFX Application Thread] DEBUG Input                - Clearing active input actions
03:51:10.298 [JavaFX Application Thread] DEBUG Engine               - Removing overlay from LoadingScene and adding to GameScene
03:51:10.298 [JavaFX Application Thread] DEBUG MainWindow           - LoadingScene -> GameScene
03:51:10.360 [JavaFX Application Thread] DEBUG MainWindow           - Push state: DialogSubState
03:51:10.360 [JavaFX Application Thread] DEBUG Input                - Clearing active input actions
03:51:10.365 [JavaFX Application Thread] DEBUG Engine               - Removing overlay from GameScene and adding to DialogSubState
03:51:10.365 [JavaFX Application Thread] DEBUG MainWindow           - GameScene -> DialogSubState
03:51:13.999 [JavaFX Application Thread] DEBUG MainWindow           - Pop state: DialogSubState
03:51:13.999 [JavaFX Application Thread] DEBUG Input                - Clearing active input actions
03:51:14.005 [JavaFX Application Thread] DEBUG Engine               - Removing overlay from DialogSubState and adding to GameScene
03:51:14.006 [JavaFX Application Thread] DEBUG MainWindow           - GameScene <- DialogSubState
03:51:16.570 [JavaFX Application Thread] DEBUG Engine               - Exiting FXGL
03:51:16.570 [JavaFX Application Thread] DEBUG Engine               - Shutting down background threads
03:51:16.571 [JavaFX Application Thread] DEBUG Engine               - Saving FXGL system data
03:51:16.576 [JavaFX Application Thread] DEBUG FSServiceImpl        - Writing to: /home/george/FXGL_Dev/games_with_src/kotlin/FXGLgamesKt_Gradle7Kt/OutRun/system/fxgl.bundle
03:51:16.582 [JavaFX Application Thread] DEBUG Engine               - Closing logger and exiting JavaFX
